<?xml version="1.0" encoding="UTF-8"?>
<!-- Generated by org.testng.reporters.JUnitXMLReporter -->
<testsuite ignored="0" hostname="LAPTOP-8FI90IP6" failures="0" tests="2" name="Cucumber Scenarios" time="9.459" errors="0" timestamp="2024-08-03T14:44:14 IST">
  <testcase classname="io.cucumber.testng.AbstractTestNGCucumberTests" name="runScenario" time="5.352"/>
  <testcase classname="io.cucumber.testng.AbstractTestNGCucumberTests" name="runScenario" time="3.511"/>
</testsuite> <!-- Cucumber Scenarios -->
